<?xml version="1.0" encoding="UTF-8"?>
<!-- Generated by org.testng.reporters.JUnitXMLReporter -->
<testsuite ignored="1" hostname="DESKTOP-MND94UO" failures="0" tests="2" name="Test" time="0.276" errors="0" timestamp="2025-12-13T18:12:32 IST">
  <testcase classname="TestNgPriority.PriorityTest" name="registration" time="0.053"/>
  <testcase classname="TestNgPriority.PriorityTest" name="Login" time="0.008"/>
  <testcase classname="TestNgPriority.PriorityTest" name="flightBooking" time="0.0">
    <ignored/>
  </testcase> <!-- flightBooking -->
</testsuite> <!-- Test -->
