<?xml version="1.0" encoding="UTF-8"?>
<testng-results ignored="0" total="2" passed="2" failed="0" skipped="0">
  <reporter-output>
  </reporter-output>
  <suite started-at="2025-12-22T12:21:37 IST" name="Default suite" finished-at="2025-12-22T12:21:58 IST" duration-ms="20226">
    <groups>
    </groups>
    <test started-at="2025-12-22T12:21:37 IST" name="Default test" finished-at="2025-12-22T12:21:58 IST" duration-ms="20226">
      <class name="TestNg.DemoGuruLogin">
        <test-method is-config="true" signature="OpenBrower()[pri:0, instance:TestNg.DemoGuruLogin@c267ef4]" started-at="2025-12-22T12:21:33 IST" name="OpenBrower" finished-at="2025-12-22T12:21:37 IST" duration-ms="4066" status="PASS">
          <reporter-output>
          </reporter-output>
        </test-method> <!-- OpenBrower -->
        <test-method is-config="true" signature="WindowMaximize()[pri:0, instance:TestNg.DemoGuruLogin@c267ef4]" started-at="2025-12-22T12:21:37 IST" name="WindowMaximize" finished-at="2025-12-22T12:21:37 IST" duration-ms="146" status="PASS">
          <reporter-output>
          </reporter-output>
        </test-method> <!-- WindowMaximize -->
        <test-method is-config="true" signature="openDemoGuru()[pri:0, instance:TestNg.DemoGuruLogin@c267ef4]" started-at="2025-12-22T12:21:38 IST" name="openDemoGuru" finished-at="2025-12-22T12:21:42 IST" duration-ms="4328" status="PASS">
          <reporter-output>
          </reporter-output>
        </test-method> <!-- openDemoGuru -->
        <test-method is-config="true" signature="clearInputBox()[pri:0, instance:TestNg.DemoGuruLogin@c267ef4]" started-at="2025-12-22T12:21:42 IST" name="clearInputBox" finished-at="2025-12-22T12:21:42 IST" duration-ms="317" status="PASS">
          <reporter-output>
          </reporter-output>
        </test-method> <!-- clearInputBox -->
        <test-method signature="checkWithValidData(java.lang.String,java.lang.String)[pri:0, instance:TestNg.DemoGuruLogin@c267ef4]" started-at="2025-12-22T12:21:42 IST" name="checkWithValidData" data-provider="loginData" finished-at="2025-12-22T12:21:47 IST" duration-ms="4522" status="PASS">
          <params>
            <param index="0">
              <value>
                <![CDATA[QQQQ]]>
              </value>
            </param>
            <param index="1">
              <value>
                <![CDATA[qqqq]]>
              </value>
            </param>
          </params>
          <reporter-output>
          </reporter-output>
        </test-method> <!-- checkWithValidData -->
        <test-method is-config="true" signature="afterMethod()[pri:0, instance:TestNg.DemoGuruLogin@c267ef4]" started-at="2025-12-22T12:21:47 IST" name="afterMethod" finished-at="2025-12-22T12:21:50 IST" duration-ms="2917" status="PASS">
          <reporter-output>
          </reporter-output>
        </test-method> <!-- afterMethod -->
        <test-method is-config="true" signature="clearInputBox()[pri:0, instance:TestNg.DemoGuruLogin@c267ef4]" started-at="2025-12-22T12:21:50 IST" name="clearInputBox" finished-at="2025-12-22T12:21:50 IST" duration-ms="381" status="PASS">
          <reporter-output>
          </reporter-output>
        </test-method> <!-- clearInputBox -->
        <test-method signature="checkWithValidData(java.lang.String,java.lang.String)[pri:0, instance:TestNg.DemoGuruLogin@c267ef4]" started-at="2025-12-22T12:21:50 IST" name="checkWithValidData" data-provider="loginData" finished-at="2025-12-22T12:21:54 IST" duration-ms="4065" status="PASS">
          <params>
            <param index="0">
              <value>
                <![CDATA[AAAA]]>
              </value>
            </param>
            <param index="1">
              <value>
                <![CDATA[aaaa]]>
              </value>
            </param>
          </params>
          <reporter-output>
          </reporter-output>
        </test-method> <!-- checkWithValidData -->
        <test-method is-config="true" signature="afterMethod()[pri:0, instance:TestNg.DemoGuruLogin@c267ef4]" started-at="2025-12-22T12:21:54 IST" name="afterMethod" finished-at="2025-12-22T12:21:58 IST" duration-ms="3374" status="PASS">
          <reporter-output>
          </reporter-output>
        </test-method> <!-- afterMethod -->
        <test-method is-config="true" signature="closeBrowser()[pri:0, instance:TestNg.DemoGuruLogin@c267ef4]" started-at="2025-12-22T12:21:58 IST" name="closeBrowser" finished-at="2025-12-22T12:21:59 IST" duration-ms="1166" status="PASS">
          <reporter-output>
          </reporter-output>
        </test-method> <!-- closeBrowser -->
      </class> <!-- TestNg.DemoGuruLogin -->
    </test> <!-- Default test -->
  </suite> <!-- Default suite -->
</testng-results>
