<?xml version="1.0" encoding="UTF-8"?>
<!-- Generated by org.testng.reporters.JUnitReportReporter -->
<testsuite hostname="DESKTOP-MND94UO" failures="0" tests="2" name="TestNg.DemoGuruLogin" time="15.576" errors="0" timestamp="2025-12-22T12:21:59 IST" skipped="0">
  <testcase classname="TestNg.DemoGuruLogin" name="checkWithValidData" time="7.820"/>
  <system-out/>
  <testcase classname="TestNg.DemoGuruLogin" name="checkWithValidData" time="7.756"/>
  <system-out/>
</testsuite> <!-- TestNg.DemoGuruLogin -->
