<?xml version="1.0" encoding="UTF-8"?>
<!-- Generated by org.testng.reporters.JUnitReportReporter -->
<testsuite hostname="DESKTOP-MND94UO" failures="0" tests="2" name="TestNgPriority.PriorityTest" time="0.061" errors="0" timestamp="2025-12-13T18:12:32 IST" skipped="0">
  <testcase classname="TestNgPriority.PriorityTest" name="registration" time="0.053"/>
  <system-out/>
  <testcase classname="TestNgPriority.PriorityTest" name="Login" time="0.008"/>
  <system-out/>
</testsuite> <!-- TestNgPriority.PriorityTest -->
